LEVEL===INFO TIMESTAMP===2022-11-10 03:36:26,786 TEXT===SOME DEBUG MESSAGE
LEVEL===INFO TIMESTAMP===2022-11-10 03:37:07,723 TEXT===SOME DEBUG MESSAGE
LEVEL===INFO TIMESTAMP===2022-11-10 03:38:38,704 TEXT===SOME DEBUG MESSAGE
LEVEL===INFO TIMESTAMP===2022-11-10 03:38:59,478 TEXT===SOME DEBUG MESSAGE
LEVEL===INFO TIMESTAMP===2022-11-10 03:38:59,499 TEXT===Start ISS session
LEVEL===DEBUG TIMESTAMP===2022-11-12 20:04:07,095 TEXT===Sending a request - url: https://www.slack.com/api/chat.postMessage, query_params: {}, body_params: {}, files: {}, json_body: {'channel': '#random', 'text': 'Test message'}, headers: {'Content-Type': 'application/json;charset=utf-8', 'User-Agent': 'Python/3.9.2 slackclient/3.19.3 Linux/5.15.76-v7+'}
LEVEL===DEBUG TIMESTAMP===2022-11-12 20:04:07,586 TEXT===Received the following response - status: 200, headers: {'date': 'Sat, 12 Nov 2022 18:04:07 GMT', 'server': 'Apache', 'x-powered-by': 'HHVM/4.153.1', 'access-control-allow-origin': '*', 'referrer-policy': 'no-referrer', 'x-slack-backend': 'r', 'x-slack-unique-id': 'Y2_gFxeNijUGaeA5Mwue_wAAMC8', 'strict-transport-security': 'max-age=31536000; includeSubDomains; preload', 'access-control-allow-headers': 'slack-route, x-slack-version-ts, x-b3-traceid, x-b3-spanid, x-b3-parentspanid, x-b3-sampled, x-b3-flags', 'access-control-expose-headers': 'x-slack-req-id, retry-after', 'x-accepted-oauth-scopes': 'chat:write:bot', 'expires': 'Mon, 26 Jul 1997 05:00:00 GMT', 'cache-control': 'private, no-cache, no-store, must-revalidate', 'pragma': 'no-cache', 'x-robots-tag': 'noindex,nofollow', 'x-xss-protection': '0', 'x-content-type-options': 'nosniff', 'x-slack-req-id': '22a61d4df9f3305e7d45318d25ead806', 'vary': 'Accept-Encoding', 'content-type': 'application/json; charset=utf-8', 'x-envoy-upstream-service-time': '98', 'x-backend': 'main_normal main_bedrock_normal_with_overflow main_canary_with_overflow main_bedrock_canary_with_overflow main_control_with_overflow main_bedrock_control_with_overflow', 'x-server': 'slack-www-hhvm-main-iad-xzuw', 'x-slack-shared-secret-outcome': 'no-match', 'via': 'envoy-www-iad-b9aq, envoy-edge-fra-awtp', 'x-edge-backend': 'envoy-www', 'x-slack-edge-shared-secret-outcome': 'no-match', 'connection': 'close', 'transfer-encoding': 'chunked'}, body: {"ok":false,"error":"not_authed"}
LEVEL===DEBUG TIMESTAMP===2022-11-12 20:10:45,063 TEXT===Sending a request - url: https://www.slack.com/api/chat.postMessage, query_params: {}, body_params: {}, files: {}, json_body: {'channel': '#random', 'text': 'Test message'}, headers: {'Content-Type': 'application/json;charset=utf-8', 'User-Agent': 'Python/3.9.2 slackclient/3.19.3 Linux/5.15.76-v7+'}
LEVEL===DEBUG TIMESTAMP===2022-11-12 20:10:45,556 TEXT===Received the following response - status: 200, headers: {'date': 'Sat, 12 Nov 2022 18:10:45 GMT', 'server': 'Apache', 'x-powered-by': 'HHVM/4.153.1', 'access-control-allow-origin': '*', 'referrer-policy': 'no-referrer', 'x-slack-backend': 'r', 'x-slack-unique-id': 'Y2_hpYxX8oDfu8ziNqzSSQAAEAI', 'strict-transport-security': 'max-age=31536000; includeSubDomains; preload', 'access-control-allow-headers': 'slack-route, x-slack-version-ts, x-b3-traceid, x-b3-spanid, x-b3-parentspanid, x-b3-sampled, x-b3-flags', 'access-control-expose-headers': 'x-slack-req-id, retry-after', 'x-accepted-oauth-scopes': 'chat:write:bot', 'expires': 'Mon, 26 Jul 1997 05:00:00 GMT', 'cache-control': 'private, no-cache, no-store, must-revalidate', 'pragma': 'no-cache', 'x-robots-tag': 'noindex,nofollow', 'x-xss-protection': '0', 'x-content-type-options': 'nosniff', 'x-slack-req-id': 'a696ef90e624bb165f3629a69b942d66', 'vary': 'Accept-Encoding', 'content-type': 'application/json; charset=utf-8', 'x-envoy-upstream-service-time': '102', 'x-backend': 'main_normal main_bedrock_normal_with_overflow main_canary_with_overflow main_bedrock_canary_with_overflow main_control_with_overflow main_bedrock_control_with_overflow', 'x-server': 'slack-www-hhvm-main-iad-mjxs', 'x-slack-shared-secret-outcome': 'no-match', 'via': 'envoy-www-iad-v38o, envoy-edge-fra-p0wh', 'x-edge-backend': 'envoy-www', 'x-slack-edge-shared-secret-outcome': 'no-match', 'connection': 'close', 'transfer-encoding': 'chunked'}, body: {"ok":false,"error":"not_authed"}
LEVEL===DEBUG TIMESTAMP===2022-11-12 20:11:04,098 TEXT===Sending a request - url: https://www.slack.com/api/chat.postMessage, query_params: {}, body_params: {}, files: {}, json_body: {'channel': '#random', 'text': 'Test message'}, headers: {'Content-Type': 'application/json;charset=utf-8', 'Authorization': '(redacted)', 'User-Agent': 'Python/3.9.2 slackclient/3.19.3 Linux/5.15.76-v7+'}
LEVEL===DEBUG TIMESTAMP===2022-11-12 20:11:04,607 TEXT===Received the following response - status: 200, headers: {'date': 'Sat, 12 Nov 2022 18:11:04 GMT', 'server': 'Apache', 'x-powered-by': 'HHVM/4.153.1', 'access-control-allow-origin': '*', 'referrer-policy': 'no-referrer', 'x-slack-backend': 'r', 'x-slack-unique-id': 'Y2_huFqCyNzQNSUhoE22_AAAABU', 'strict-transport-security': 'max-age=31536000; includeSubDomains; preload', 'access-control-allow-headers': 'slack-route, x-slack-version-ts, x-b3-traceid, x-b3-spanid, x-b3-parentspanid, x-b3-sampled, x-b3-flags', 'access-control-expose-headers': 'x-slack-req-id, retry-after', 'x-oauth-scopes': 'chat:write', 'x-accepted-oauth-scopes': 'chat:write', 'expires': 'Mon, 26 Jul 1997 05:00:00 GMT', 'cache-control': 'private, no-cache, no-store, must-revalidate', 'pragma': 'no-cache', 'x-xss-protection': '0', 'x-content-type-options': 'nosniff', 'x-slack-req-id': '83b284c73e40488f77d557c19781146a', 'vary': 'Accept-Encoding', 'content-type': 'application/json; charset=utf-8', 'x-envoy-upstream-service-time': '179', 'x-backend': 'main_normal main_bedrock_normal_with_overflow main_canary_with_overflow main_bedrock_canary_with_overflow main_control_with_overflow main_bedrock_control_with_overflow', 'x-server': 'slack-www-hhvm-main-iad-jpfb', 'x-slack-shared-secret-outcome': 'no-match', 'via': 'envoy-www-iad-m2u9, envoy-edge-fra-e1oi', 'x-edge-backend': 'envoy-www', 'x-slack-edge-shared-secret-outcome': 'no-match', 'connection': 'close', 'transfer-encoding': 'chunked'}, body: {"ok":true,"channel":"C04AG3BH37Y","ts":"1668276664.503439","message":{"bot_id":"B04BCD7BR88","type":"message","text":"Test message","user":"U04ANK08MHR","ts":"1668276664.503439","app_id":"A04AR5FCXT6","blocks":[{"type":"rich_text","block_id":"c9nkK","elements":[{"type":"rich_text_section","elements":[{"type":"text","text":"Test message"}]}]}],"team":"T04AKNKU2N9","bot_profile":{"id":"B04BCD7BR88","app_id":"A04AR5FCXT6","name":"ISS Chat Bot","icons":{"image_36":"https:\/\/a.slack-edge.com\/80588\/img\/plugins\/app\/bot_36.png","image_48":"https:\/\/a.slack-edge.com\/80588\/img\/plugins\/app\/bot_48.png","image_72":"https:\/\/a.slack-edge.com\/80588\/img\/plugins\/app\/service_72.png"},"deleted":false,"updated":1668264632,"team_id":"T04AKNKU2N9"}}}
LEVEL===INFO TIMESTAMP===2022-11-12 20:16:07,273 TEXT===Start ISS session
LEVEL===INFO TIMESTAMP===2022-11-12 20:16:11,899 TEXT===Scaned UID (275490055356, "valid_card                                      ")
LEVEL===INFO TIMESTAMP===2022-11-12 20:16:58,278 TEXT===Start ISS session
LEVEL===INFO TIMESTAMP===2022-11-12 20:17:00,271 TEXT===Scaned UID (275490055356, "valid_card                                      ")
LEVEL===INFO TIMESTAMP===2022-11-12 20:19:49,375 TEXT===Start ISS session
LEVEL===INFO TIMESTAMP===2022-11-12 20:20:27,147 TEXT===Start ISS session
LEVEL===INFO TIMESTAMP===2022-11-12 20:20:44,434 TEXT===Start ISS session
LEVEL===INFO TIMESTAMP===2022-11-12 20:20:45,525 TEXT===Scaned UID (275490055356, "valid_card                                      ")
LEVEL===INFO TIMESTAMP===2022-11-12 20:21:50,402 TEXT===Start ISS session
LEVEL===INFO TIMESTAMP===2022-11-12 20:21:52,744 TEXT===Scaned UID (275490055356, "valid_card                                      ")
LEVEL===INFO TIMESTAMP===2022-11-12 20:21:52,892 TEXT===Access allowed for user 1
LEVEL===INFO TIMESTAMP===2022-11-12 20:21:53,894 TEXT===User 1 in object
LEVEL===INFO TIMESTAMP===2022-11-12 20:22:22,131 TEXT===Start ISS session
LEVEL===INFO TIMESTAMP===2022-11-12 20:22:23,326 TEXT===Scaned UID (275490055356, "valid_card                                      ")
LEVEL===INFO TIMESTAMP===2022-11-12 20:22:23,334 TEXT===Access allowed for user 1
LEVEL===INFO TIMESTAMP===2022-11-12 20:22:24,336 TEXT===User 1 in object
LEVEL===INFO TIMESTAMP===2022-11-12 20:22:26,324 TEXT===Scaned UID (275490055356, "valid_card                                      ")
LEVEL===INFO TIMESTAMP===2022-11-12 20:22:26,326 TEXT===Access allowed for user 1
LEVEL===INFO TIMESTAMP===2022-11-12 20:22:27,329 TEXT===User 1 has left the object
LEVEL===INFO TIMESTAMP===2022-11-12 20:26:59,180 TEXT===Start ISS session
LEVEL===INFO TIMESTAMP===2022-11-12 20:27:02,236 TEXT===Scaned UID (275490055356, "valid_card                                      ")
LEVEL===INFO TIMESTAMP===2022-11-12 20:27:02,249 TEXT===Access allowed for user 1
LEVEL===INFO TIMESTAMP===2022-11-12 20:27:03,252 TEXT===User 1 in object
LEVEL===INFO TIMESTAMP===2022-11-12 20:27:05,968 TEXT===Scaned UID (1074097927013, "invalid_data                                    ")
LEVEL===INFO TIMESTAMP===2022-11-12 20:28:17,677 TEXT===Start ISS session
LEVEL===INFO TIMESTAMP===2022-11-12 20:28:20,242 TEXT===Scaned UID (1074097927013, "invalid_data                                    ")
LEVEL===INFO TIMESTAMP===2022-11-12 20:28:22,180 TEXT===Scaned UID (1074097927013, "invalid_data                                    ")
LEVEL===INFO TIMESTAMP===2022-11-12 20:28:24,236 TEXT===Scaned UID (1074097927013, "invalid_data                                    ")
LEVEL===INFO TIMESTAMP===2022-11-12 20:33:44,052 TEXT===Start ISS session
LEVEL===INFO TIMESTAMP===2022-11-12 20:33:48,492 TEXT===Scaned UID (275490055356, "valid_card                                      ")
LEVEL===INFO TIMESTAMP===2022-11-12 20:33:48,501 TEXT===Access allowed for user 1
LEVEL===INFO TIMESTAMP===2022-11-12 20:33:49,503 TEXT===User 1 in object
LEVEL===INFO TIMESTAMP===2022-11-12 20:33:53,547 TEXT===Scaned UID (1074097927013, "invalid_data                                    ")
LEVEL===WARNING TIMESTAMP===2022-11-12 20:33:53,551 TEXT===Object Security Violation!
LEVEL===DEBUG TIMESTAMP===2022-11-12 20:33:53,557 TEXT===Sending a request - url: https://www.slack.com/api/chat.postMessage, query_params: {}, body_params: {}, files: {}, json_body: {'channel': '#iss-alerts', 'text': 'Object Security Violation!'}, headers: {'Content-Type': 'application/json;charset=utf-8', 'Authorization': '(redacted)', 'User-Agent': 'Python/3.9.2 slackclient/3.19.3 Linux/5.15.76-v7+'}
LEVEL===DEBUG TIMESTAMP===2022-11-12 20:33:53,994 TEXT===Received the following response - status: 200, headers: {'date': 'Sat, 12 Nov 2022 18:33:53 GMT', 'server': 'Apache', 'x-powered-by': 'HHVM/4.153.1', 'access-control-allow-origin': '*', 'referrer-policy': 'no-referrer', 'x-slack-backend': 'r', 'x-slack-unique-id': 'Y2_nEXcgCbL_tQBUe6yFagAAEAs', 'strict-transport-security': 'max-age=31536000; includeSubDomains; preload', 'access-control-allow-headers': 'slack-route, x-slack-version-ts, x-b3-traceid, x-b3-spanid, x-b3-parentspanid, x-b3-sampled, x-b3-flags', 'access-control-expose-headers': 'x-slack-req-id, retry-after', 'x-oauth-scopes': 'chat:write', 'x-accepted-oauth-scopes': 'chat:write', 'expires': 'Mon, 26 Jul 1997 05:00:00 GMT', 'cache-control': 'private, no-cache, no-store, must-revalidate', 'pragma': 'no-cache', 'x-xss-protection': '0', 'x-content-type-options': 'nosniff', 'x-slack-req-id': '147b1682c788610c6753aaa30d617beb', 'vary': 'Accept-Encoding', 'content-type': 'application/json; charset=utf-8', 'x-envoy-upstream-service-time': '147', 'x-backend': 'main_normal main_bedrock_normal_with_overflow main_canary_with_overflow main_bedrock_canary_with_overflow main_control_with_overflow main_bedrock_control_with_overflow', 'x-server': 'slack-www-hhvm-main-iad-qyve', 'x-slack-shared-secret-outcome': 'no-match', 'via': 'envoy-www-iad-cdpd, envoy-edge-fra-3wcp', 'x-edge-backend': 'envoy-www', 'x-slack-edge-shared-secret-outcome': 'no-match', 'connection': 'close', 'transfer-encoding': 'chunked'}, body: {"ok":true,"channel":"C04BCG9RNCQ","ts":"1668278033.895549","message":{"bot_id":"B04BCD7BR88","type":"message","text":"Object Security Violation!","user":"U04ANK08MHR","ts":"1668278033.895549","app_id":"A04AR5FCXT6","blocks":[{"type":"rich_text","block_id":"v\/cc","elements":[{"type":"rich_text_section","elements":[{"type":"text","text":"Object Security Violation!"}]}]}],"team":"T04AKNKU2N9","bot_profile":{"id":"B04BCD7BR88","app_id":"A04AR5FCXT6","name":"ISS Chat Bot","icons":{"image_36":"https:\/\/a.slack-edge.com\/80588\/img\/plugins\/app\/bot_36.png","image_48":"https:\/\/a.slack-edge.com\/80588\/img\/plugins\/app\/bot_48.png","image_72":"https:\/\/a.slack-edge.com\/80588\/img\/plugins\/app\/service_72.png"},"deleted":false,"updated":1668264632,"team_id":"T04AKNKU2N9"}}}
LEVEL===INFO TIMESTAMP===2022-11-12 20:33:53,997 TEXT===Successfully sent message Object Security Violation!
LEVEL===INFO TIMESTAMP===2022-11-12 20:34:14,022 TEXT===Alarm off
LEVEL===INFO TIMESTAMP===2022-11-12 20:35:21,436 TEXT===Start ISS session
LEVEL===INFO TIMESTAMP===2022-11-12 20:35:22,281 TEXT===Scaned UID (275490055356, "valid_card                                      ")
LEVEL===INFO TIMESTAMP===2022-11-12 20:35:22,294 TEXT===Access allowed for user 1
LEVEL===INFO TIMESTAMP===2022-11-12 20:35:23,297 TEXT===User 1 in object
LEVEL===INFO TIMESTAMP===2022-11-12 20:35:25,141 TEXT===Scaned UID (1074097927013, "invalid_data                                    ")
LEVEL===WARNING TIMESTAMP===2022-11-12 20:35:25,143 TEXT===Object Security Violation!
LEVEL===DEBUG TIMESTAMP===2022-11-12 20:35:25,145 TEXT===Sending a request - url: https://www.slack.com/api/chat.postMessage, query_params: {}, body_params: {}, files: {}, json_body: {'channel': '#iss-alerts', 'text': 'Object Security Violation!'}, headers: {'Content-Type': 'application/json;charset=utf-8', 'Authorization': '(redacted)', 'User-Agent': 'Python/3.9.2 slackclient/3.19.3 Linux/5.15.76-v7+'}
LEVEL===DEBUG TIMESTAMP===2022-11-12 20:35:25,647 TEXT===Received the following response - status: 200, headers: {'date': 'Sat, 12 Nov 2022 18:35:25 GMT', 'server': 'Apache', 'x-powered-by': 'HHVM/4.153.1', 'access-control-allow-origin': '*', 'referrer-policy': 'no-referrer', 'x-slack-backend': 'r', 'x-slack-unique-id': 'Y2_nbbOeLSR8QvGu9dkJBgAAAA4', 'strict-transport-security': 'max-age=31536000; includeSubDomains; preload', 'access-control-allow-headers': 'slack-route, x-slack-version-ts, x-b3-traceid, x-b3-spanid, x-b3-parentspanid, x-b3-sampled, x-b3-flags', 'access-control-expose-headers': 'x-slack-req-id, retry-after', 'x-oauth-scopes': 'chat:write', 'x-accepted-oauth-scopes': 'chat:write', 'expires': 'Mon, 26 Jul 1997 05:00:00 GMT', 'cache-control': 'private, no-cache, no-store, must-revalidate', 'pragma': 'no-cache', 'x-xss-protection': '0', 'x-content-type-options': 'nosniff', 'x-slack-req-id': 'ca09fa4ac02d4ce2100f9022c9e810d3', 'vary': 'Accept-Encoding', 'content-type': 'application/json; charset=utf-8', 'x-envoy-upstream-service-time': '156', 'x-backend': 'main_normal main_bedrock_normal_with_overflow main_canary_with_overflow main_bedrock_canary_with_overflow main_control_with_overflow main_bedrock_control_with_overflow', 'x-server': 'slack-www-hhvm-main-iad-robl', 'x-slack-shared-secret-outcome': 'no-match', 'via': 'envoy-www-iad-mozl, envoy-edge-fra-096g', 'x-edge-backend': 'envoy-www', 'x-slack-edge-shared-secret-outcome': 'no-match', 'connection': 'close', 'transfer-encoding': 'chunked'}, body: {"ok":true,"channel":"C04BCG9RNCQ","ts":"1668278125.544739","message":{"bot_id":"B04BCD7BR88","type":"message","text":"Object Security Violation!","user":"U04ANK08MHR","ts":"1668278125.544739","app_id":"A04AR5FCXT6","blocks":[{"type":"rich_text","block_id":"WAL","elements":[{"type":"rich_text_section","elements":[{"type":"text","text":"Object Security Violation!"}]}]}],"team":"T04AKNKU2N9","bot_profile":{"id":"B04BCD7BR88","app_id":"A04AR5FCXT6","name":"ISS Chat Bot","icons":{"image_36":"https:\/\/a.slack-edge.com\/80588\/img\/plugins\/app\/bot_36.png","image_48":"https:\/\/a.slack-edge.com\/80588\/img\/plugins\/app\/bot_48.png","image_72":"https:\/\/a.slack-edge.com\/80588\/img\/plugins\/app\/service_72.png"},"deleted":false,"updated":1668264632,"team_id":"T04AKNKU2N9"}}}
LEVEL===INFO TIMESTAMP===2022-11-12 20:35:25,651 TEXT===Successfully sent message Object Security Violation!
LEVEL===INFO TIMESTAMP===2022-11-12 20:35:28,655 TEXT===Alarm off
LEVEL===DEBUG TIMESTAMP===2022-11-12 20:35:28,657 TEXT===Sending a request - url: https://www.slack.com/api/chat.postMessage, query_params: {}, body_params: {}, files: {}, json_body: {'channel': '#iss-alerts', 'text': 'Alarm off'}, headers: {'Content-Type': 'application/json;charset=utf-8', 'Authorization': '(redacted)', 'User-Agent': 'Python/3.9.2 slackclient/3.19.3 Linux/5.15.76-v7+'}
LEVEL===DEBUG TIMESTAMP===2022-11-12 20:35:29,025 TEXT===Received the following response - status: 200, headers: {'date': 'Sat, 12 Nov 2022 18:35:28 GMT', 'server': 'Apache', 'x-powered-by': 'HHVM/4.153.1', 'access-control-allow-origin': '*', 'referrer-policy': 'no-referrer', 'x-slack-backend': 'r', 'x-slack-unique-id': 'Y2_ncF1Mz4OACzw1WftwMwAAEDE', 'strict-transport-security': 'max-age=31536000; includeSubDomains; preload', 'access-control-allow-headers': 'slack-route, x-slack-version-ts, x-b3-traceid, x-b3-spanid, x-b3-parentspanid, x-b3-sampled, x-b3-flags', 'access-control-expose-headers': 'x-slack-req-id, retry-after', 'x-oauth-scopes': 'chat:write', 'x-accepted-oauth-scopes': 'chat:write', 'expires': 'Mon, 26 Jul 1997 05:00:00 GMT', 'cache-control': 'private, no-cache, no-store, must-revalidate', 'pragma': 'no-cache', 'x-xss-protection': '0', 'x-content-type-options': 'nosniff', 'x-slack-req-id': '5ad0761cb5d5bdaa864b282adebcea96', 'vary': 'Accept-Encoding', 'content-type': 'application/json; charset=utf-8', 'x-envoy-upstream-service-time': '149', 'x-backend': 'main_normal main_bedrock_normal_with_overflow main_canary_with_overflow main_bedrock_canary_with_overflow main_control_with_overflow main_bedrock_control_with_overflow', 'x-server': 'slack-www-hhvm-main-iad-ndjg', 'x-slack-shared-secret-outcome': 'no-match', 'via': 'envoy-www-iad-q7nu, envoy-edge-fra-151t', 'x-edge-backend': 'envoy-www', 'x-slack-edge-shared-secret-outcome': 'no-match', 'connection': 'close', 'transfer-encoding': 'chunked'}, body: {"ok":true,"channel":"C04BCG9RNCQ","ts":"1668278128.929059","message":{"bot_id":"B04BCD7BR88","type":"message","text":"Alarm off","user":"U04ANK08MHR","ts":"1668278128.929059","app_id":"A04AR5FCXT6","blocks":[{"type":"rich_text","block_id":"=xW6","elements":[{"type":"rich_text_section","elements":[{"type":"text","text":"Alarm off"}]}]}],"team":"T04AKNKU2N9","bot_profile":{"id":"B04BCD7BR88","app_id":"A04AR5FCXT6","name":"ISS Chat Bot","icons":{"image_36":"https:\/\/a.slack-edge.com\/80588\/img\/plugins\/app\/bot_36.png","image_48":"https:\/\/a.slack-edge.com\/80588\/img\/plugins\/app\/bot_48.png","image_72":"https:\/\/a.slack-edge.com\/80588\/img\/plugins\/app\/service_72.png"},"deleted":false,"updated":1668264632,"team_id":"T04AKNKU2N9"}}}
LEVEL===INFO TIMESTAMP===2022-11-12 20:35:29,029 TEXT===Successfully sent message Alarm off
LEVEL===INFO TIMESTAMP===2022-11-12 20:36:43,557 TEXT===Start ISS session
LEVEL===INFO TIMESTAMP===2022-11-12 20:36:46,980 TEXT===Scaned UID (275490055356, "valid_card                                      ")
LEVEL===INFO TIMESTAMP===2022-11-12 20:36:46,988 TEXT===Access allowed for user 1
LEVEL===INFO TIMESTAMP===2022-11-12 20:36:47,995 TEXT===User 1 in object
LEVEL===INFO TIMESTAMP===2022-11-12 20:36:53,333 TEXT===Scaned UID (1074097927013, "invalid_data                                    ")
LEVEL===WARNING TIMESTAMP===2022-11-12 20:36:53,337 TEXT===Object Security Violation!
LEVEL===DEBUG TIMESTAMP===2022-11-12 20:36:53,340 TEXT===Sending a request - url: https://www.slack.com/api/chat.postMessage, query_params: {}, body_params: {}, files: {}, json_body: {'channel': '#iss-alerts', 'text': 'Object Security Violation!'}, headers: {'Content-Type': 'application/json;charset=utf-8', 'Authorization': '(redacted)', 'User-Agent': 'Python/3.9.2 slackclient/3.19.3 Linux/5.15.76-v7+'}
LEVEL===DEBUG TIMESTAMP===2022-11-12 20:36:53,781 TEXT===Received the following response - status: 200, headers: {'date': 'Sat, 12 Nov 2022 18:36:53 GMT', 'server': 'Apache', 'x-powered-by': 'HHVM/4.153.1', 'access-control-allow-origin': '*', 'referrer-policy': 'no-referrer', 'x-slack-backend': 'r', 'x-slack-unique-id': 'Y2_nxRIE8LmwDSFz1F6lvwAAACQ', 'strict-transport-security': 'max-age=31536000; includeSubDomains; preload', 'access-control-allow-headers': 'slack-route, x-slack-version-ts, x-b3-traceid, x-b3-spanid, x-b3-parentspanid, x-b3-sampled, x-b3-flags', 'access-control-expose-headers': 'x-slack-req-id, retry-after', 'x-oauth-scopes': 'chat:write', 'x-accepted-oauth-scopes': 'chat:write', 'expires': 'Mon, 26 Jul 1997 05:00:00 GMT', 'cache-control': 'private, no-cache, no-store, must-revalidate', 'pragma': 'no-cache', 'x-xss-protection': '0', 'x-content-type-options': 'nosniff', 'x-slack-req-id': '8c0801fc469b8bc149ebeaa40545747c', 'vary': 'Accept-Encoding', 'content-type': 'application/json; charset=utf-8', 'x-envoy-upstream-service-time': '150', 'x-backend': 'main_normal main_bedrock_normal_with_overflow main_canary_with_overflow main_bedrock_canary_with_overflow main_control_with_overflow main_bedrock_control_with_overflow', 'x-server': 'slack-www-hhvm-main-iad-tmxs', 'x-slack-shared-secret-outcome': 'no-match', 'via': 'envoy-www-iad-ka15, envoy-edge-fra-8vce', 'x-edge-backend': 'envoy-www', 'x-slack-edge-shared-secret-outcome': 'no-match', 'connection': 'close', 'transfer-encoding': 'chunked'}, body: {"ok":true,"channel":"C04BCG9RNCQ","ts":"1668278213.680609","message":{"bot_id":"B04BCD7BR88","type":"message","text":"Object Security Violation!","user":"U04ANK08MHR","ts":"1668278213.680609","app_id":"A04AR5FCXT6","blocks":[{"type":"rich_text","block_id":"Z6kAm","elements":[{"type":"rich_text_section","elements":[{"type":"text","text":"Object Security Violation!"}]}]}],"team":"T04AKNKU2N9","bot_profile":{"id":"B04BCD7BR88","app_id":"A04AR5FCXT6","name":"ISS Chat Bot","icons":{"image_36":"https:\/\/a.slack-edge.com\/80588\/img\/plugins\/app\/bot_36.png","image_48":"https:\/\/a.slack-edge.com\/80588\/img\/plugins\/app\/bot_48.png","image_72":"https:\/\/a.slack-edge.com\/80588\/img\/plugins\/app\/service_72.png"},"deleted":false,"updated":1668264632,"team_id":"T04AKNKU2N9"}}}
LEVEL===INFO TIMESTAMP===2022-11-12 20:36:53,784 TEXT===Successfully sent message Object Security Violation!
LEVEL===INFO TIMESTAMP===2022-11-12 20:37:00,793 TEXT===Alarm off
LEVEL===DEBUG TIMESTAMP===2022-11-12 20:37:00,795 TEXT===Sending a request - url: https://www.slack.com/api/chat.postMessage, query_params: {}, body_params: {}, files: {}, json_body: {'channel': '#iss-alerts', 'text': 'Alarm off'}, headers: {'Content-Type': 'application/json;charset=utf-8', 'Authorization': '(redacted)', 'User-Agent': 'Python/3.9.2 slackclient/3.19.3 Linux/5.15.76-v7+'}
LEVEL===DEBUG TIMESTAMP===2022-11-12 20:37:01,199 TEXT===Received the following response - status: 200, headers: {'date': 'Sat, 12 Nov 2022 18:37:01 GMT', 'server': 'Apache', 'x-powered-by': 'HHVM/4.153.1', 'access-control-allow-origin': '*', 'referrer-policy': 'no-referrer', 'x-slack-backend': 'r', 'x-slack-unique-id': 'Y2_nzYILqreur-PJDloO3wAAEDU', 'strict-transport-security': 'max-age=31536000; includeSubDomains; preload', 'access-control-allow-headers': 'slack-route, x-slack-version-ts, x-b3-traceid, x-b3-spanid, x-b3-parentspanid, x-b3-sampled, x-b3-flags', 'access-control-expose-headers': 'x-slack-req-id, retry-after', 'x-oauth-scopes': 'chat:write', 'x-accepted-oauth-scopes': 'chat:write', 'expires': 'Mon, 26 Jul 1997 05:00:00 GMT', 'cache-control': 'private, no-cache, no-store, must-revalidate', 'pragma': 'no-cache', 'x-xss-protection': '0', 'x-content-type-options': 'nosniff', 'x-slack-req-id': 'cfd5af0bbcb5733293510acb215e4a68', 'vary': 'Accept-Encoding', 'content-type': 'application/json; charset=utf-8', 'x-envoy-upstream-service-time': '166', 'x-backend': 'main_normal main_bedrock_normal_with_overflow main_canary_with_overflow main_bedrock_canary_with_overflow main_control_with_overflow main_bedrock_control_with_overflow', 'x-server': 'slack-www-hhvm-main-iad-ucyu', 'x-slack-shared-secret-outcome': 'no-match', 'via': 'envoy-www-iad-qgl1, envoy-edge-fra-b8tr', 'x-edge-backend': 'envoy-www', 'x-slack-edge-shared-secret-outcome': 'no-match', 'connection': 'close', 'transfer-encoding': 'chunked'}, body: {"ok":true,"channel":"C04BCG9RNCQ","ts":"1668278221.082309","message":{"bot_id":"B04BCD7BR88","type":"message","text":"Alarm off","user":"U04ANK08MHR","ts":"1668278221.082309","app_id":"A04AR5FCXT6","blocks":[{"type":"rich_text","block_id":"nrElH","elements":[{"type":"rich_text_section","elements":[{"type":"text","text":"Alarm off"}]}]}],"team":"T04AKNKU2N9","bot_profile":{"id":"B04BCD7BR88","app_id":"A04AR5FCXT6","name":"ISS Chat Bot","icons":{"image_36":"https:\/\/a.slack-edge.com\/80588\/img\/plugins\/app\/bot_36.png","image_48":"https:\/\/a.slack-edge.com\/80588\/img\/plugins\/app\/bot_48.png","image_72":"https:\/\/a.slack-edge.com\/80588\/img\/plugins\/app\/service_72.png"},"deleted":false,"updated":1668264632,"team_id":"T04AKNKU2N9"}}}
LEVEL===INFO TIMESTAMP===2022-11-12 20:37:01,202 TEXT===Successfully sent message Alarm off
LEVEL===INFO TIMESTAMP===2022-11-12 20:39:22,712 TEXT===Start ISS session
LEVEL===INFO TIMESTAMP===2022-11-12 20:39:24,787 TEXT===Scaned UID (275490055356, "valid_card                                      ")
LEVEL===INFO TIMESTAMP===2022-11-12 20:39:24,797 TEXT===Access allowed for user 1
LEVEL===INFO TIMESTAMP===2022-11-12 20:39:25,799 TEXT===User 1 in object
LEVEL===INFO TIMESTAMP===2022-11-12 20:39:27,346 TEXT===Scaned UID (1074097927013, "invalid_data                                    ")
LEVEL===WARNING TIMESTAMP===2022-11-12 20:39:27,353 TEXT===Object Security Violation!
LEVEL===INFO TIMESTAMP===2022-11-12 20:39:27,809 TEXT===Successfully sent message Object Security Violation!
LEVEL===INFO TIMESTAMP===2022-11-12 20:39:31,815 TEXT===Alarm off
LEVEL===INFO TIMESTAMP===2022-11-12 20:39:32,204 TEXT===Successfully sent message Alarm off
LEVEL===INFO TIMESTAMP===2022-11-12 20:41:03,272 TEXT===Start ISS session
LEVEL===INFO TIMESTAMP===2022-11-12 20:41:04,905 TEXT===Scaned UID (1074097927013, "invalid_data                                    ")
LEVEL===INFO TIMESTAMP===2022-11-12 20:41:07,194 TEXT===Scaned UID (1074097927013, "invalid_data                                    ")
LEVEL===INFO TIMESTAMP===2022-11-12 20:41:34,167 TEXT===Scaned UID (1074097927013, "invalid_data                                    ")
LEVEL===WARNING TIMESTAMP===2022-11-12 20:41:34,170 TEXT===Object Security Violation!
LEVEL===INFO TIMESTAMP===2022-11-12 20:41:34,653 TEXT===Successfully sent message Object Security Violation!
LEVEL===INFO TIMESTAMP===2022-11-12 20:41:45,667 TEXT===Alarm off
LEVEL===INFO TIMESTAMP===2022-11-12 20:41:46,052 TEXT===Successfully sent message Alarm off
LEVEL===INFO TIMESTAMP===2022-11-12 21:12:34,382 TEXT===Start ISS session
LEVEL===INFO TIMESTAMP===2022-11-12 21:13:07,585 TEXT===End ISS Session
LEVEL===INFO TIMESTAMP===2022-11-12 21:13:18,563 TEXT===Start ISS session
LEVEL===INFO TIMESTAMP===2022-11-12 21:13:57,787 TEXT===End ISS Session
LEVEL===INFO TIMESTAMP===2022-11-12 21:14:17,934 TEXT===Start ISS session
LEVEL===INFO TIMESTAMP===2022-11-12 21:14:20,331 TEXT===End ISS Session
LEVEL===INFO TIMESTAMP===2022-11-12 21:14:37,877 TEXT===Start ISS session
LEVEL===INFO TIMESTAMP===2022-11-12 21:14:39,432 TEXT===End ISS Session
LEVEL===INFO TIMESTAMP===2022-11-12 21:15:37,796 TEXT===Start ISS session
LEVEL===INFO TIMESTAMP===2022-11-12 21:15:40,723 TEXT===End ISS Session
LEVEL===INFO TIMESTAMP===2022-11-12 21:16:14,476 TEXT===Start ISS session
LEVEL===INFO TIMESTAMP===2022-11-12 21:16:49,838 TEXT===Start ISS session
LEVEL===INFO TIMESTAMP===2022-11-12 21:17:10,450 TEXT===Start ISS session
LEVEL===INFO TIMESTAMP===2022-11-12 21:17:22,478 TEXT===End ISS Session
LEVEL===INFO TIMESTAMP===2022-11-12 21:18:17,713 TEXT===Start ISS session
LEVEL===INFO TIMESTAMP===2022-11-12 21:18:39,671 TEXT===Scaned UID (1074097927013, "invalid_data                                    ")
LEVEL===INFO TIMESTAMP===2022-11-12 21:18:43,353 TEXT===Scaned UID (275490055356, "valid_card                                      ")
LEVEL===INFO TIMESTAMP===2022-11-12 21:18:43,356 TEXT===Access allowed for user 1
LEVEL===INFO TIMESTAMP===2022-11-12 21:18:44,358 TEXT===User 1 in object
LEVEL===INFO TIMESTAMP===2022-11-12 21:18:45,904 TEXT===Scaned UID (1074097927013, "invalid_data                                    ")
LEVEL===WARNING TIMESTAMP===2022-11-12 21:18:45,906 TEXT===Object Security Violation!
LEVEL===INFO TIMESTAMP===2022-11-12 21:18:46,376 TEXT===Successfully sent message "Object Security Violation!"
LEVEL===INFO TIMESTAMP===2022-11-12 21:18:49,381 TEXT===Alarm off
LEVEL===INFO TIMESTAMP===2022-11-12 21:18:49,749 TEXT===Successfully sent message "Alarm off"
LEVEL===INFO TIMESTAMP===2022-11-12 21:49:24,580 TEXT===End ISS Session
